<?xml version="1.0" encoding="UTF-8"?>
<!-- Generated by org.testng.reporters.JUnitXMLReporter -->
<testsuite ignored="0" hostname="DESKTOP-HSNMEPH" failures="0" tests="7" name="BackEnd Test" time="8.395" errors="0" timestamp="2022-06-14T14:16:47 ICT">
  <testcase classname="com.nexsoft.testng.dashboard.CRUDBuilderTest" name="cobaDulu" time="0.002"/>
  <testcase classname="com.nexsoft.testng.dashboard.CRUDBuilderTest" name="cobaDulu" time="0.002"/>
  <testcase classname="com.nexsoft.testng.dashboard.CRUDBuilderTest" name="cobaDulu" time="0.003"/>
  <testcase classname="com.nexsoft.testng.dashboard.CRUDBuilderTest" name="login" time="2.02"/>
  <testcase classname="com.nexsoft.testng.dashboard.CRUDBuilderTest" name="createData" time="4.367"/>
  <testcase classname="com.nexsoft.testng.dashboard.CRUDBuilderTest" name="getUsername" time="0.055"/>
  <testcase classname="com.nexsoft.testng.dashboard.CRUDBuilderTest" name="getUsername2" time="0.029"/>
</testsuite> <!-- BackEnd Test -->
