<?xml version="1.0" encoding="UTF-8"?>
<!-- Generated by org.testng.reporters.JUnitXMLReporter -->
<testsuite ignored="0" hostname="DESKTOP-HSNMEPH" failures="0" tests="4" name="FrontEnd Test" time="5.02" errors="0" timestamp="2022-06-14T14:16:39 ICT">
  <testcase classname="com.nexsoft.testng.frontpage.FrontPageTest" name="consumeData" time="0.008"/>
  <testcase classname="com.nexsoft.testng.frontpage.FrontPageTest" name="consumeData" time="0.001"/>
  <testcase classname="com.nexsoft.testng.frontpage.FrontPageTest" name="login" time="2.209"/>
  <testcase classname="com.nexsoft.testng.frontpage.FrontPageTest" name="setLanguage" time="0.001"/>
</testsuite> <!-- FrontEnd Test -->
