<?xml version="1.0" encoding="UTF-8"?>
<testng-results ignored="0" total="7" passed="7" failed="0" skipped="0">
  <reporter-output>
    <line>
      <![CDATA[Nama: AlbertusEmail: dewabrata@gmail.comLocation: Bogor]]>
    </line>
    <line>
      <![CDATA[Nama: EkaEmail: eka@nexsoft.comLocation: Jakarta]]>
    </line>
    <line>
      <![CDATA[Nama: WiwinEmail: wiwin@nexsoftLocation: Jakarta]]>
    </line>
  </reporter-output>
  <suite started-at="2022-06-14T21:22:06 ICT" name="Default suite" finished-at="2022-06-14T21:22:15 ICT" duration-ms="9110">
    <groups>
    </groups>
    <test started-at="2022-06-14T21:22:06 ICT" name="Default test" finished-at="2022-06-14T21:22:15 ICT" duration-ms="9110">
      <class name="com.nexsoft.testng.dashboard.CRUDBuilderTest">
        <test-method is-config="true" signature="init()[pri:0, instance:com.nexsoft.testng.dashboard.CRUDBuilderTest@5b03b9fe]" started-at="2022-06-14T21:22:06 ICT" name="init" finished-at="2022-06-14T21:22:10 ICT" duration-ms="3364" status="PASS">
          <reporter-output>
          </reporter-output>
        </test-method> <!-- init -->
        <test-method signature="cobaDulu(java.lang.String,java.lang.String,java.lang.String)[pri:0, instance:com.nexsoft.testng.dashboard.CRUDBuilderTest@5b03b9fe]" started-at="2022-06-14T21:22:10 ICT" name="cobaDulu" data-provider="getNexSoftData" finished-at="2022-06-14T21:22:10 ICT" duration-ms="10" status="PASS">
          <params>
            <param index="0">
              <value>
                <![CDATA[Albertus]]>
              </value>
            </param>
            <param index="1">
              <value>
                <![CDATA[dewabrata@gmail.com]]>
              </value>
            </param>
            <param index="2">
              <value>
                <![CDATA[Bogor]]>
              </value>
            </param>
          </params>
          <reporter-output>
            <line>
              <![CDATA[Nama: AlbertusEmail: dewabrata@gmail.comLocation: Bogor]]>
            </line>
          </reporter-output>
        </test-method> <!-- cobaDulu -->
        <test-method signature="cobaDulu(java.lang.String,java.lang.String,java.lang.String)[pri:0, instance:com.nexsoft.testng.dashboard.CRUDBuilderTest@5b03b9fe]" started-at="2022-06-14T21:22:10 ICT" name="cobaDulu" data-provider="getNexSoftData" finished-at="2022-06-14T21:22:10 ICT" duration-ms="11" status="PASS">
          <params>
            <param index="0">
              <value>
                <![CDATA[Eka]]>
              </value>
            </param>
            <param index="1">
              <value>
                <![CDATA[eka@nexsoft.com]]>
              </value>
            </param>
            <param index="2">
              <value>
                <![CDATA[Jakarta]]>
              </value>
            </param>
          </params>
          <reporter-output>
            <line>
              <![CDATA[Nama: EkaEmail: eka@nexsoft.comLocation: Jakarta]]>
            </line>
          </reporter-output>
        </test-method> <!-- cobaDulu -->
        <test-method signature="cobaDulu(java.lang.String,java.lang.String,java.lang.String)[pri:0, instance:com.nexsoft.testng.dashboard.CRUDBuilderTest@5b03b9fe]" started-at="2022-06-14T21:22:10 ICT" name="cobaDulu" data-provider="getNexSoftData" finished-at="2022-06-14T21:22:10 ICT" duration-ms="12" status="PASS">
          <params>
            <param index="0">
              <value>
                <![CDATA[Wiwin]]>
              </value>
            </param>
            <param index="1">
              <value>
                <![CDATA[wiwin@nexsoft]]>
              </value>
            </param>
            <param index="2">
              <value>
                <![CDATA[Jakarta]]>
              </value>
            </param>
          </params>
          <reporter-output>
            <line>
              <![CDATA[Nama: WiwinEmail: wiwin@nexsoftLocation: Jakarta]]>
            </line>
          </reporter-output>
        </test-method> <!-- cobaDulu -->
        <test-method signature="login()[pri:0, instance:com.nexsoft.testng.dashboard.CRUDBuilderTest@5b03b9fe]" started-at="2022-06-14T21:22:10 ICT" name="login" finished-at="2022-06-14T21:22:12 ICT" duration-ms="2240" status="PASS">
          <reporter-output>
          </reporter-output>
        </test-method> <!-- login -->
        <test-method signature="createData()[pri:1, instance:com.nexsoft.testng.dashboard.CRUDBuilderTest@5b03b9fe]" started-at="2022-06-14T21:22:12 ICT" name="createData" finished-at="2022-06-14T21:22:15 ICT" duration-ms="3325" status="PASS">
          <reporter-output>
          </reporter-output>
        </test-method> <!-- createData -->
        <test-method signature="getUsername()[pri:2, instance:com.nexsoft.testng.dashboard.CRUDBuilderTest@5b03b9fe]" started-at="2022-06-14T21:22:15 ICT" name="getUsername" finished-at="2022-06-14T21:22:15 ICT" duration-ms="48" status="PASS">
          <reporter-output>
          </reporter-output>
        </test-method> <!-- getUsername -->
        <test-method signature="getUsername2()[pri:3, instance:com.nexsoft.testng.dashboard.CRUDBuilderTest@5b03b9fe]" started-at="2022-06-14T21:22:15 ICT" name="getUsername2" finished-at="2022-06-14T21:22:15 ICT" duration-ms="49" status="PASS">
          <reporter-output>
          </reporter-output>
        </test-method> <!-- getUsername2 -->
      </class> <!-- com.nexsoft.testng.dashboard.CRUDBuilderTest -->
    </test> <!-- Default test -->
  </suite> <!-- Default suite -->
</testng-results>
