<?xml version="1.0" encoding="UTF-8"?>
<testng-results ignored="0" total="1" passed="1" failed="0" skipped="0">
  <reporter-output>
  </reporter-output>
  <suite started-at="2022-06-21T16:17:47 ICT" name="Default suite" finished-at="2022-06-21T16:18:03 ICT" duration-ms="15633">
    <groups>
    </groups>
    <test started-at="2022-06-21T16:17:47 ICT" name="Default test" finished-at="2022-06-21T16:18:03 ICT" duration-ms="15633">
      <class name="com.nexsoft.appium.TestCalculator">
        <test-method is-config="true" signature="init()[pri:0, instance:com.nexsoft.appium.TestCalculator@451001e5]" started-at="2022-06-21T16:17:47 ICT" name="init" finished-at="2022-06-21T16:17:59 ICT" duration-ms="12053" status="PASS">
          <reporter-output>
          </reporter-output>
        </test-method> <!-- init -->
        <test-method signature="test_bagi()[pri:4, instance:com.nexsoft.appium.TestCalculator@451001e5]" started-at="2022-06-21T16:17:59 ICT" name="test_bagi" finished-at="2022-06-21T16:18:03 ICT" duration-ms="3508" status="PASS">
          <reporter-output>
          </reporter-output>
        </test-method> <!-- test_bagi -->
      </class> <!-- com.nexsoft.appium.TestCalculator -->
    </test> <!-- Default test -->
  </suite> <!-- Default suite -->
</testng-results>
